<?xml version="1.0" encoding="UTF-8"?>
<!-- Generated by org.testng.reporters.JUnitReportReporter -->
<testsuite skipped="0" hostname="Hasneet3674" name="com.practiseGit.TestGit.gitchecking" tests="3" failures="0" timestamp="2019-12-08T10:48:58 IST" time="0.039" errors="0">
  <testcase name="secondTest" time="0.002" classname="com.practiseGit.TestGit.gitchecking"/>
  <testcase name="thirdTest" time="0.002" classname="com.practiseGit.TestGit.gitchecking"/>
  <testcase name="firstTest" time="0.035" classname="com.practiseGit.TestGit.gitchecking"/>
</testsuite> <!-- com.practiseGit.TestGit.gitchecking -->
