<?xml version="1.0" encoding="UTF-8"?>
<!-- Generated by org.testng.reporters.JUnitReportReporter -->
<testsuite skipped="0" hostname="Hasneet3674" name="testCases.gitchecking" tests="3" failures="0" timestamp="2019-12-08T10:59:34 IST" time="0.006" errors="0">
  <testcase name="firstTest" time="0.006" classname="testCases.gitchecking"/>
  <testcase name="secondTest" time="0.000" classname="testCases.gitchecking"/>
  <testcase name="thirdTest" time="0.000" classname="testCases.gitchecking"/>
</testsuite> <!-- testCases.gitchecking -->
